<?xml version="1.0" encoding="UTF-8"?>
<!-- Generated by org.testng.reporters.JUnitReportReporter -->
<testsuite hostname="Abhishek_N" failures="0" tests="1" name="TestNG_Package.TestScript_2" time="0.001" errors="0" timestamp="2023-09-23T12:48:57 IST" skipped="0">
  <testcase classname="TestNG_Package.TestScript_2" name="test2" time="0.001">
    <system-out>
      <![CDATA[Bye]]>
    </system-out>
  </testcase> <!-- test2 -->
  <system-out>
    <![CDATA[Hello
Bye]]>
  </system-out>
</testsuite> <!-- TestNG_Package.TestScript_2 -->
