<?xml version="1.0" encoding="UTF-8"?>
<!-- Generated by org.testng.reporters.JUnitReportReporter -->
<testsuite hostname="Abhishek_N" failures="0" tests="1" name="PageObjectModel.AmazonTestScript" time="12.109" errors="0" timestamp="2023-09-30T12:40:34 IST" skipped="0">
  <testcase classname="PageObjectModel.AmazonTestScript" name="test" time="12.109"/>
</testsuite> <!-- PageObjectModel.AmazonTestScript -->
