<?xml version="1.0" encoding="UTF-8"?>
<!-- Generated by org.testng.reporters.JUnitReportReporter -->
<testsuite hostname="Abhishek_N" failures="0" tests="1" name="TestNG_Package.TestScript_1" time="0.008" errors="0" timestamp="2023-09-23T12:48:57 IST" skipped="0">
  <testcase classname="TestNG_Package.TestScript_1" name="test1" time="0.008">
    <system-out>
      <![CDATA[Hello]]>
    </system-out>
  </testcase> <!-- test1 -->
  <system-out>
    <![CDATA[Hello
Bye]]>
  </system-out>
</testsuite> <!-- TestNG_Package.TestScript_1 -->
